[debug] [2026-03-26T06:08:05.388Z] ----------------------------------------------------------------------
[debug] [2026-03-26T06:08:05.390Z] Command:       /usr/local/share/nvm/versions/node/v24.11.1/bin/node /home/codespace/nvm/current/bin/firebase init
[debug] [2026-03-26T06:08:05.390Z] CLI Version:   15.11.0
[debug] [2026-03-26T06:08:05.390Z] Platform:      linux
[debug] [2026-03-26T06:08:05.390Z] Node Version:  v24.11.1
[debug] [2026-03-26T06:08:05.390Z] Time:          Thu Mar 26 2026 06:08:05 GMT+0000 (Coordinated Universal Time)
[debug] [2026-03-26T06:08:05.390Z] ----------------------------------------------------------------------
[debug] 
[info] 
     ######## #### ########  ######## ########     ###     ######  ########
     ##        ##  ##     ## ##       ##     ##  ##   ##  ##       ##
     ######    ##  ########  ######   ########  #########  ######  ######
     ##        ##  ##    ##  ##       ##     ## ##     ##       ## ##
     ##       #### ##     ## ######## ########  ##     ##  ######  ########

You're about to initialize a Firebase project in this directory:

  /workspaces/examify

Before we get started, keep in mind:

  * You are currently outside your home directory
  * You are initializing within an existing Firebase project directory

[info] 
=== Project Setup
[info] 
[info] First, let's associate this project directory with a Firebase project.
[info] You can create multiple project aliases by running firebase use --add, 
[info] 
[debug] [2026-03-26T06:08:39.326Z] > command requires scopes: ["email","openid","https://www.googleapis.com/auth/cloudplatformprojects.readonly","https://www.googleapis.com/auth/firebase","https://www.googleapis.com/auth/cloud-platform"]
[debug] [2026-03-26T06:08:39.329Z] > authorizing via signed-in user (bakayise.developers@gmail.com)
[debug] [2026-03-26T06:08:39.331Z] Checked if tokens are valid: true, expires at: 1774508872465
[debug] [2026-03-26T06:08:39.331Z] Checked if tokens are valid: true, expires at: 1774508872465
[debug] [2026-03-26T06:08:39.332Z] >>> [apiv2][query] GET https://firebase.googleapis.com/v1beta1/projects pageSize=100
[debug] [2026-03-26T06:08:39.836Z] <<< [apiv2][status] GET https://firebase.googleapis.com/v1beta1/projects 200
[debug] [2026-03-26T06:08:39.836Z] <<< [apiv2][body] GET https://firebase.googleapis.com/v1beta1/projects [omitted]
[info] 
=== Firestore Setup
[info] i  firestore: ensuring required API firestore.googleapis.com is enabled... 
[debug] [2026-03-26T06:08:43.110Z] Checked if tokens are valid: true, expires at: 1774508872465
[debug] [2026-03-26T06:08:43.110Z] Checked if tokens are valid: true, expires at: 1774508872465
[debug] [2026-03-26T06:08:43.110Z] >>> [apiv2][query] GET https://serviceusage.googleapis.com/v1/projects/tutoring-e68f8/services/firestore.googleapis.com [none]
[debug] [2026-03-26T06:08:43.110Z] >>> [apiv2][(partial)header] GET https://serviceusage.googleapis.com/v1/projects/tutoring-e68f8/services/firestore.googleapis.com  x-goog-user-project=tutoring-e68f8
[debug] [2026-03-26T06:08:43.939Z] <<< [apiv2][status] GET https://serviceusage.googleapis.com/v1/projects/tutoring-e68f8/services/firestore.googleapis.com 200
[debug] [2026-03-26T06:08:43.939Z] <<< [apiv2][body] GET https://serviceusage.googleapis.com/v1/projects/tutoring-e68f8/services/firestore.googleapis.com [omitted]
[info] ✔  firestore: required API firestore.googleapis.com is enabled 
[debug] [2026-03-26T06:08:43.945Z] Checked if tokens are valid: true, expires at: 1774508872465
[debug] [2026-03-26T06:08:43.946Z] Checked if tokens are valid: true, expires at: 1774508872465
[debug] [2026-03-26T06:08:43.946Z] >>> [apiv2][query] GET https://firestore.googleapis.com/v1/projects/tutoring-e68f8/databases [none]
[debug] [2026-03-26T06:08:44.455Z] <<< [apiv2][status] GET https://firestore.googleapis.com/v1/projects/tutoring-e68f8/databases 200
[debug] [2026-03-26T06:08:44.455Z] <<< [apiv2][body] GET https://firestore.googleapis.com/v1/projects/tutoring-e68f8/databases {"databases":[{"name":"projects/tutoring-e68f8/databases/tutoring","uid":"b73f4d1e-1de6-451f-a697-560efb89661d","createTime":"2026-03-17T05:54:25.138313Z","updateTime":"2026-03-17T05:54:25.138313Z","locationId":"us-central1","type":"FIRESTORE_NATIVE","concurrencyMode":"PESSIMISTIC","versionRetentionPeriod":"3600s","earliestVersionTime":"2026-03-26T05:08:44.448738Z","appEngineIntegrationMode":"DISABLED","pointInTimeRecoveryEnablement":"POINT_IN_TIME_RECOVERY_DISABLED","deleteProtectionState":"DELETE_PROTECTION_DISABLED","databaseEdition":"STANDARD","freeTier":true,"realtimeUpdatesMode":"REALTIME_UPDATES_MODE_ENABLED","etag":"IOya/rvzvJMDMJGEwrzQppMD"}]}
[info] 
[info] Firestore Security Rules allow you to define how and when to allow
[info] requests. You can keep these rules in your project directory
[info] and publish them with firebase deploy.
[info] 
[debug] [2026-03-26T06:08:44.457Z] Checked if tokens are valid: true, expires at: 1774508872465
[debug] [2026-03-26T06:08:44.457Z] Checked if tokens are valid: true, expires at: 1774508872465
[debug] [2026-03-26T06:08:44.457Z] >>> [apiv2][query] GET https://firebaserules.googleapis.com/v1/projects/tutoring-e68f8/releases pageSize=10&pageToken=
[debug] [2026-03-26T06:08:44.670Z] <<< [apiv2][status] GET https://firebaserules.googleapis.com/v1/projects/tutoring-e68f8/releases 200
[debug] [2026-03-26T06:08:44.670Z] <<< [apiv2][body] GET https://firebaserules.googleapis.com/v1/projects/tutoring-e68f8/releases {"releases":[{"name":"projects/tutoring-e68f8/releases/cloud.firestore/tutoring","rulesetName":"projects/tutoring-e68f8/rulesets/c88b9b3b-94a1-4611-9597-df38181e8d8a","createTime":"2026-03-17T05:54:34.597493Z","updateTime":"2026-03-18T15:43:02.763466Z"},{"name":"projects/tutoring-e68f8/releases/firebase.storage/tutoring-e68f8.firebasestorage.app","rulesetName":"projects/tutoring-e68f8/rulesets/4f0ced52-59a4-469d-a1a6-b63d32993268","createTime":"2026-03-17T05:56:01.285947Z","updateTime":"2026-03-18T15:43:02.388989Z"}]}
[debug] [2026-03-26T06:08:44.670Z] Checked if tokens are valid: true, expires at: 1774508872465
[debug] [2026-03-26T06:08:44.670Z] Checked if tokens are valid: true, expires at: 1774508872465
[debug] [2026-03-26T06:08:44.671Z] >>> [apiv2][query] GET https://firebaserules.googleapis.com/v1/projects/tutoring-e68f8/rulesets/c88b9b3b-94a1-4611-9597-df38181e8d8a [none]
[debug] [2026-03-26T06:08:45.328Z] <<< [apiv2][status] GET https://firebaserules.googleapis.com/v1/projects/tutoring-e68f8/rulesets/c88b9b3b-94a1-4611-9597-df38181e8d8a 200
[debug] [2026-03-26T06:08:45.329Z] <<< [apiv2][body] GET https://firebaserules.googleapis.com/v1/projects/tutoring-e68f8/rulesets/c88b9b3b-94a1-4611-9597-df38181e8d8a [omitted]
[info] i  Downloaded the existing Firestore Security Rules from the Firebase console 
[info] i  firestore.rules is unchanged 
[info] 
[info] Firestore indexes allow you to perform complex queries while
[info] maintaining performance that scales with the size of the result
[info] set. You can keep index definitions in your project directory
[info] and publish them with firebase deploy.
[info] 
[debug] [2026-03-26T06:08:45.330Z] Checked if tokens are valid: true, expires at: 1774508872465
[debug] [2026-03-26T06:08:45.330Z] Checked if tokens are valid: true, expires at: 1774508872465
[debug] [2026-03-26T06:08:45.331Z] Checked if tokens are valid: true, expires at: 1774508872465
[debug] [2026-03-26T06:08:45.331Z] Checked if tokens are valid: true, expires at: 1774508872465
[debug] [2026-03-26T06:08:45.331Z] >>> [apiv2][query] GET https://firestore.googleapis.com/v1/projects/tutoring-e68f8/databases/tutoring/collectionGroups/-/indexes [none]
[debug] [2026-03-26T06:08:45.331Z] >>> [apiv2][query] GET https://firestore.googleapis.com/v1/projects/tutoring-e68f8/databases/tutoring/collectionGroups/-/fields?filter=indexConfig.usesAncestorConfig=false OR ttlConfig:* [none]
[debug] [2026-03-26T06:08:46.075Z] <<< [apiv2][status] GET https://firestore.googleapis.com/v1/projects/tutoring-e68f8/databases/tutoring/collectionGroups/-/fields?filter=indexConfig.usesAncestorConfig=false OR ttlConfig:* 200
[debug] [2026-03-26T06:08:46.075Z] <<< [apiv2][body] GET https://firestore.googleapis.com/v1/projects/tutoring-e68f8/databases/tutoring/collectionGroups/-/fields?filter=indexConfig.usesAncestorConfig=false OR ttlConfig:* {"fields":[{"name":"projects/tutoring-e68f8/databases/tutoring/collectionGroups/__default__/fields/*","indexConfig":{"indexes":[{"queryScope":"COLLECTION","fields":[{"fieldPath":"*","order":"ASCENDING"}],"state":"READY"},{"queryScope":"COLLECTION","fields":[{"fieldPath":"*","order":"DESCENDING"}],"state":"READY"},{"queryScope":"COLLECTION","fields":[{"fieldPath":"*","arrayConfig":"CONTAINS"}],"state":"READY"}]}}]}
[debug] [2026-03-26T06:08:46.100Z] <<< [apiv2][status] GET https://firestore.googleapis.com/v1/projects/tutoring-e68f8/databases/tutoring/collectionGroups/-/indexes 200
[debug] [2026-03-26T06:08:46.100Z] <<< [apiv2][body] GET https://firestore.googleapis.com/v1/projects/tutoring-e68f8/databases/tutoring/collectionGroups/-/indexes {"indexes":[{"name":"projects/tutoring-e68f8/databases/tutoring/collectionGroups/dailyExerciseAssignments/indexes/CICAgJim14AK","queryScope":"COLLECTION","fields":[{"fieldPath":"studentId","order":"ASCENDING"},{"fieldPath":"assignmentDate","order":"ASCENDING"},{"fieldPath":"__name__","order":"ASCENDING"}],"state":"READY","density":"SPARSE_ALL"},{"name":"projects/tutoring-e68f8/databases/tutoring/collectionGroups/dailyExerciseAssignments/indexes/CICAgOjXh4EK","queryScope":"COLLECTION","fields":[{"fieldPath":"studentId","order":"ASCENDING"},{"fieldPath":"assignmentDate","order":"DESCENDING"},{"fieldPath":"__name__","order":"DESCENDING"}],"state":"READY","density":"SPARSE_ALL"},{"name":"projects/tutoring-e68f8/databases/tutoring/collectionGroups/dailyExerciseAssignments/indexes/CICAgJj7z4EK","queryScope":"COLLECTION","fields":[{"fieldPath":"assignmentDate","order":"ASCENDING"},{"fieldPath":"submittedImageUrl","order":"ASCENDING"},{"fieldPath":"__name__","order":"ASCENDING"}],"state":"READY","density":"SPARSE_ALL"},{"name":"projects/tutoring-e68f8/databases/tutoring/collectionGroups/guideQuizResults/indexes/CICAgJjF9oIK","queryScope":"COLLECTION","fields":[{"fieldPath":"role","order":"ASCENDING"},{"fieldPath":"userId","order":"ASCENDING"},{"fieldPath":"submittedAt","order":"DESCENDING"},{"fieldPath":"__name__","order":"DESCENDING"}],"state":"READY","density":"SPARSE_ALL"},{"name":"projects/tutoring-e68f8/databases/tutoring/collectionGroups/tutorReports/indexes/CICAgJiUpoMK","queryScope":"COLLECTION","fields":[{"fieldPath":"studentId","order":"ASCENDING"},{"fieldPath":"updatedAt","order":"DESCENDING"},{"fieldPath":"__name__","order":"DESCENDING"}],"state":"READY","density":"SPARSE_ALL"},{"name":"projects/tutoring-e68f8/databases/tutoring/collectionGroups/dailyExerciseAssignments/indexes/CICAgOi39IkK","queryScope":"COLLECTION","fields":[{"fieldPath":"assignmentDate","order":"ASCENDING"},{"fieldPath":"grade","order":"ASCENDING"},{"fieldPath":"submittedImageUrl","order":"ASCENDING"},{"fieldPath":"__name__","order":"ASCENDING"}],"state":"READY","density":"SPARSE_ALL"},{"name":"projects/tutoring-e68f8/databases/tutoring/collectionGroups/coveredTopics/indexes/CICAgOi3kJAK","queryScope":"COLLECTION","fields":[{"fieldPath":"studentId","order":"ASCENDING"},{"fieldPath":"completedOn","order":"DESCENDING"},{"fieldPath":"__name__","order":"DESCENDING"}],"state":"READY","density":"SPARSE_ALL"}]}
[info] i  Downloaded the existing Firestore indexes from the Firebase console 
[info] i  Skipping write of firestore.indexes.json 
[info] 
=== Functions Setup
[debug] [2026-03-26T06:09:06.142Z] > command requires scopes: ["email","openid","https://www.googleapis.com/auth/cloudplatformprojects.readonly","https://www.googleapis.com/auth/firebase","https://www.googleapis.com/auth/cloud-platform"]
[debug] [2026-03-26T06:09:06.142Z] > authorizing via signed-in user (bakayise.developers@gmail.com)
[debug] [2026-03-26T06:09:06.142Z] [iam] checking project tutoring-e68f8 for permissions ["firebase.projects.get"]
[debug] [2026-03-26T06:09:06.142Z] Checked if tokens are valid: true, expires at: 1774508872465
[debug] [2026-03-26T06:09:06.142Z] Checked if tokens are valid: true, expires at: 1774508872465
[debug] [2026-03-26T06:09:06.143Z] >>> [apiv2][query] POST https://cloudresourcemanager.googleapis.com/v1/projects/tutoring-e68f8:testIamPermissions [none]
[debug] [2026-03-26T06:09:06.143Z] >>> [apiv2][(partial)header] POST https://cloudresourcemanager.googleapis.com/v1/projects/tutoring-e68f8:testIamPermissions  x-goog-user-project=tutoring-e68f8
[debug] [2026-03-26T06:09:06.143Z] >>> [apiv2][body] POST https://cloudresourcemanager.googleapis.com/v1/projects/tutoring-e68f8:testIamPermissions {"permissions":["firebase.projects.get"]}
[debug] [2026-03-26T06:09:06.315Z] <<< [apiv2][status] POST https://cloudresourcemanager.googleapis.com/v1/projects/tutoring-e68f8:testIamPermissions 200
[debug] [2026-03-26T06:09:06.315Z] <<< [apiv2][body] POST https://cloudresourcemanager.googleapis.com/v1/projects/tutoring-e68f8:testIamPermissions {"permissions":["firebase.projects.get"]}
[debug] [2026-03-26T06:09:06.316Z] Checked if tokens are valid: true, expires at: 1774508872465
[debug] [2026-03-26T06:09:06.316Z] Checked if tokens are valid: true, expires at: 1774508872465
[debug] [2026-03-26T06:09:06.316Z] Checked if tokens are valid: true, expires at: 1774508872465
[debug] [2026-03-26T06:09:06.316Z] Checked if tokens are valid: true, expires at: 1774508872465
[debug] [2026-03-26T06:09:06.317Z] >>> [apiv2][query] GET https://serviceusage.googleapis.com/v1/projects/tutoring-e68f8/services/cloudfunctions.googleapis.com [none]
[debug] [2026-03-26T06:09:06.317Z] >>> [apiv2][(partial)header] GET https://serviceusage.googleapis.com/v1/projects/tutoring-e68f8/services/cloudfunctions.googleapis.com  x-goog-user-project=tutoring-e68f8
[debug] [2026-03-26T06:09:06.319Z] >>> [apiv2][query] GET https://serviceusage.googleapis.com/v1/projects/tutoring-e68f8/services/runtimeconfig.googleapis.com [none]
[debug] [2026-03-26T06:09:06.319Z] >>> [apiv2][(partial)header] GET https://serviceusage.googleapis.com/v1/projects/tutoring-e68f8/services/runtimeconfig.googleapis.com  x-goog-user-project=tutoring-e68f8
[debug] [2026-03-26T06:09:07.105Z] <<< [apiv2][status] GET https://serviceusage.googleapis.com/v1/projects/tutoring-e68f8/services/cloudfunctions.googleapis.com 200
[debug] [2026-03-26T06:09:07.106Z] <<< [apiv2][body] GET https://serviceusage.googleapis.com/v1/projects/tutoring-e68f8/services/cloudfunctions.googleapis.com [omitted]
[debug] [2026-03-26T06:09:07.110Z] <<< [apiv2][status] GET https://serviceusage.googleapis.com/v1/projects/tutoring-e68f8/services/runtimeconfig.googleapis.com 200
[debug] [2026-03-26T06:09:07.110Z] <<< [apiv2][body] GET https://serviceusage.googleapis.com/v1/projects/tutoring-e68f8/services/runtimeconfig.googleapis.com [omitted]
[info] 
Detected existing codebase(s): default

[info] Let's create a new codebase for your functions.
[info] A directory corresponding to the codebase will be created in your project
[info] with sample code pre-configured.

[info] See https://firebase.google.com/docs/functions/organize-functions for
[info] more information on organizing your functions using codebases.

[info] Functions can be deployed with firebase deploy.

[debug] [2026-03-26T06:09:51.238Z] ExitPromptError: User force closed the prompt with SIGINT
    at Interface.sigint (/usr/local/share/nvm/versions/node/v24.11.1/lib/node_modules/firebase-tools/node_modules/@inquirer/core/dist/commonjs/lib/create-prompt.js:101:37)
    at Interface.emit (node:events:508:28)
    at [_ttyWrite] [as _ttyWrite] (node:internal/readline/interface:1317:18)
    at ReadStream.onkeypress (node:internal/readline/interface:284:20)
    at ReadStream.emit (node:events:520:35)
    at emitKeys (node:internal/readline/utils:371:14)
    at emitKeys.next (<anonymous>)
    at ReadStream.onData (node:internal/readline/emitKeypressEvents:64:36)
    at ReadStream.emit (node:events:508:28)
    at addChunk (node:internal/streams/readable:559:12)
[error] 
[error] Error: An unexpected error has occurred.
